<?xml version="1.0" encoding="UTF-8"?>
<testng-results skipped="0" failed="1" ignored="0" total="1" passed="0">
  <reporter-output>
  </reporter-output>
  <suite name="Suite" duration-ms="3275" started-at="2018-07-23T09:51:44Z" finished-at="2018-07-23T09:51:47Z">
    <groups>
    </groups>
    <test name="Desktop1" duration-ms="3275" started-at="2018-07-23T09:51:44Z" finished-at="2018-07-23T09:51:47Z">
      <class name="testCases.TestCases">
        <test-method status="PASS" signature="suitePreconditions()[pri:0, instance:testCases.TestCases@2c9f9fb0]" name="suitePreconditions" is-config="true" duration-ms="112" started-at="2018-07-23T02:51:44Z" finished-at="2018-07-23T02:51:44Z">
          <reporter-output>
          </reporter-output>
        </test-method> <!-- suitePreconditions -->
        <test-method status="PASS" signature="precondition(java.lang.String, java.lang.String, java.lang.String, java.lang.String, java.lang.String, java.lang.String, java.lang.String, java.lang.String)[pri:0, instance:testCases.TestCases@2c9f9fb0]" name="precondition" is-config="true" duration-ms="13" started-at="2018-07-23T02:51:44Z" finished-at="2018-07-23T02:51:44Z">
          <params>
            <param index="0">
              <value>
                <![CDATA[DesktopChrome]]>
              </value>
            </param>
            <param index="1">
              <value>
                <![CDATA[localhost]]>
              </value>
            </param>
            <param index="2">
              <value>
                <![CDATA[1234]]>
              </value>
            </param>
            <param index="3">
              <value>
                <![CDATA[Chrome]]>
              </value>
            </param>
            <param index="4">
              <value>
                <![CDATA[Windows]]>
              </value>
            </param>
            <param index="5">
              <value>
                <![CDATA[64]]>
              </value>
            </param>
            <param index="6">
              <value>
                <![CDATA[10]]>
              </value>
            </param>
            <param index="7">
              <value>
                <![CDATA[1]]>
              </value>
            </param>
          </params>
          <reporter-output>
          </reporter-output>
        </test-method> <!-- precondition -->
        <test-method status="PASS" signature="before()[pri:0, instance:testCases.TestCases@2c9f9fb0]" name="before" is-config="true" duration-ms="0" started-at="2018-07-23T02:51:44Z" finished-at="2018-07-23T02:51:44Z">
          <reporter-output>
          </reporter-output>
        </test-method> <!-- before -->
        <test-method status="FAIL" signature="TC001(java.lang.String, java.lang.String, java.lang.String, java.lang.String, java.lang.String, java.lang.String, java.lang.String, java.lang.String, java.lang.reflect.Method)[pri:0, instance:testCases.TestCases@2c9f9fb0]" name="TC001" duration-ms="3212" started-at="2018-07-23T02:51:44Z" finished-at="2018-07-23T02:51:47Z">
          <params>
            <param index="0">
              <value>
                <![CDATA[DesktopChrome]]>
              </value>
            </param>
            <param index="1">
              <value>
                <![CDATA[localhost]]>
              </value>
            </param>
            <param index="2">
              <value>
                <![CDATA[1234]]>
              </value>
            </param>
            <param index="3">
              <value>
                <![CDATA[Chrome]]>
              </value>
            </param>
            <param index="4">
              <value>
                <![CDATA[Windows]]>
              </value>
            </param>
            <param index="5">
              <value>
                <![CDATA[64]]>
              </value>
            </param>
            <param index="6">
              <value>
                <![CDATA[10]]>
              </value>
            </param>
            <param index="7">
              <value>
                <![CDATA[1]]>
              </value>
            </param>
            <param index="8">
              <value>
                <![CDATA[public void testCases.TestCases.TC001(java.lang.String,java.lang.String,java.lang.String,java.lang.String,java.lang.String,java.lang.String,java.lang.String,java.lang.String,java.lang.reflect.Method) throws java.net.MalformedURLException,javax.script.ScriptException,java.lang.InterruptedException]]>
              </value>
            </param>
          </params>
          <exception class="java.lang.NullPointerException">
            <full-stacktrace>
              <![CDATA[java.lang.NullPointerException
	at scenarios.CustomSignInTest.customSignInTestScenario(CustomSignInTest.java:35)
	at testCases.TestCases.TC001(TestCases.java:131)
	at sun.reflect.NativeMethodAccessorImpl.invoke0(Native Method)
	at sun.reflect.NativeMethodAccessorImpl.invoke(Unknown Source)
	at sun.reflect.DelegatingMethodAccessorImpl.invoke(Unknown Source)
	at java.lang.reflect.Method.invoke(Unknown Source)
	at org.testng.internal.MethodInvocationHelper.invokeMethod(MethodInvocationHelper.java:104)
	at org.testng.internal.Invoker.invokeMethod(Invoker.java:645)
	at org.testng.internal.Invoker.invokeTestMethod(Invoker.java:851)
	at org.testng.internal.Invoker.invokeTestMethods(Invoker.java:1177)
	at org.testng.internal.TestMethodWorker.invokeTestMethods(TestMethodWorker.java:129)
	at org.testng.internal.TestMethodWorker.run(TestMethodWorker.java:112)
	at org.testng.TestRunner.privateRun(TestRunner.java:756)
	at org.testng.TestRunner.run(TestRunner.java:610)
	at org.testng.SuiteRunner.runTest(SuiteRunner.java:387)
	at org.testng.SuiteRunner.access$000(SuiteRunner.java:39)
	at org.testng.SuiteRunner$SuiteWorker.run(SuiteRunner.java:421)
	at org.testng.internal.thread.ThreadUtil$2.call(ThreadUtil.java:64)
	at java.util.concurrent.FutureTask.run(Unknown Source)
	at java.util.concurrent.ThreadPoolExecutor.runWorker(Unknown Source)
	at java.util.concurrent.ThreadPoolExecutor$Worker.run(Unknown Source)
	at java.lang.Thread.run(Unknown Source)
]]>
            </full-stacktrace>
          </exception> <!-- java.lang.NullPointerException -->
          <reporter-output>
          </reporter-output>
        </test-method> <!-- TC001 -->
        <test-method status="PASS" signature="closeSessions()[pri:0, instance:testCases.TestCases@2c9f9fb0]" name="closeSessions" is-config="true" duration-ms="11" started-at="2018-07-23T02:51:47Z" finished-at="2018-07-23T02:51:47Z">
          <reporter-output>
          </reporter-output>
        </test-method> <!-- closeSessions -->
      </class> <!-- testCases.TestCases -->
    </test> <!-- Desktop1 -->
  </suite> <!-- Suite -->
</testng-results>
