<?xml version="1.0" encoding="UTF-8" ?>
<testsuite tests="1" failures="1" name="TestSuite" time="3.219" errors="0" skipped="0">
  <properties>
[...]
</properties>
  <testcase classname="testCases.TestCases" name="TC001" time="3.219">
    <failure type="java.lang.NullPointerException">java.lang.NullPointerException
	at scenarios.CustomSignInTest.customSignInTestScenario(CustomSignInTest.java:35)
	at testCases.TestCases.TC001(TestCases.java:131)
</failure>
    <system-out>[TestNGContentHandler] [WARN] It is strongly recommended to add &quot;&lt;!DOCTYPE suite SYSTEM &quot;http://testng.org/testng-1.0.dtd&quot; &gt;&quot; at the top of your file, otherwise TestNG may fail or not work as expected.
Getting value of ElementLoadWaitTime from Test Configuration file : 60
Getting value of TextLoadWaitTime from Test Configuration file : 45
Getting value of PageLoadWaitTime from Test Configuration file : 60
Getting value of ImplicitlyWaitTime from Test Configuration file : 45
Element time out set
Getting value of ElementLoadWaitTime from Test Configuration file : 60
Getting value of TextLoadWaitTime from Test Configuration file : 45
Getting value of PageLoadWaitTime from Test Configuration file : 60
Getting value of ImplicitlyWaitTime from Test Configuration file : 45
Element time out set
##########################################################################################
##### Start of Test Case: TC001 - Sample Load Google #####
##########################################################################################
Getting value of TestDataFile from Test Configuration file : ./src/test/resources/data/TestData.xls
java.lang.ArrayIndexOutOfBoundsException: 2
Opening Chrome Browser...
Getting value of AppiumTimeOut from Test Configuration file : 600
Getting value of GridExecution from Test Configuration file : Yes
Getting value of GridExecution from Test Configuration file : Yes
Getting value of ExecuteRemainingStepsOnFailure(Yes/No) from Test Configuration file : Yes
Getting value of OverideTimeoutOnFailure from Test Configuration file : 5
Getting value of OverideTimeoutOnFailure from Test Configuration file : 5
Getting value of OverideTimeoutOnFailure from Test Configuration file : 5
Getting value of OverideTimeoutOnFailure from Test Configuration file : 5
Getting value of MaxNoOfFailurePerTestCase from Test Configuration file : 10
Getting value of ExecuteRemainingStepsOnFailure(Yes/No) from Test Configuration file : Yes
Getting value of OverideTimeoutOnFailure from Test Configuration file : 5
Getting value of OverideTimeoutOnFailure from Test Configuration file : 5
Getting value of OverideTimeoutOnFailure from Test Configuration file : 5
Getting value of OverideTimeoutOnFailure from Test Configuration file : 5
Getting value of MaxNoOfFailurePerTestCase from Test Configuration file : 10
</system-out>
    <system-err>log4j:WARN No appenders could be found for logger (org.apache.http.client.protocol.RequestAddCookies).
log4j:WARN Please initialize the log4j system properly.
log4j:WARN See http://logging.apache.org/log4j/1.2/faq.html#noconfig for more info.
Browser: Open Failure/Navigation cancelled, please check the application window.
org.openqa.selenium.remote.UnreachableBrowserException: Could not start a new session. Possible causes are invalid address of the remote server or browser start-up failure.
Build info: version: &apos;3.4.0&apos;, revision: &apos;unknown&apos;, time: &apos;unknown&apos;
System info: host: &apos;ISILLT10137&apos;, ip: &apos;10.9.248.24&apos;, os.name: &apos;Windows 10&apos;, os.arch: &apos;amd64&apos;, os.version: &apos;10.0&apos;, java.version: &apos;1.8.0_171&apos;
Driver info: driver.version: RemoteWebDriver
</system-err>
  </testcase>
</testsuite>