-------------------------------------------------------------------------------
Test set: TestSuite
-------------------------------------------------------------------------------
Tests run: 1, Failures: 1, Errors: 0, Skipped: 0, Time elapsed: 4.687 sec <<< FAILURE!
TC001(testCases.TestCases)  Time elapsed: 3.219 sec  <<< FAILURE!
java.lang.NullPointerException
	at scenarios.CustomSignInTest.customSignInTestScenario(CustomSignInTest.java:35)
	at testCases.TestCases.TC001(TestCases.java:131)
